C:\USERS\SERGEY\DOCUMENTS\COCOS\COCOS2DX\MARIO\PROJ.WIN32\DEBUG.WIN32\MAIN.OBJ
C:\USERS\SERGEY\DOCUMENTS\COCOS\COCOS2DX\MARIO\PROJ.WIN32\DEBUG.WIN32\APPDELEGATE.OBJ
C:\USERS\SERGEY\DOCUMENTS\COCOS\COCOS2DX\MARIO\PROJ.WIN32\DEBUG.WIN32\HELLOWORLDSCENE.OBJ
C:\USERS\SERGEY\DOCUMENTS\COCOS\COCOS2DX\MARIO\PROJ.WIN32\DEBUG.WIN32\PLAYER.OBJ
C:\USERS\SERGEY\DOCUMENTS\COCOS\COCOS2DX\MARIO\PROJ.WIN32\DEBUG.WIN32\VC110.PDB
C:\USERS\SERGEY\DOCUMENTS\COCOS\COCOS2DX\DEBUG.WIN32\MARIO.WIN32.ILK
C:\USERS\SERGEY\DOCUMENTS\COCOS\COCOS2DX\DEBUG.WIN32\MARIO.WIN32.EXE
C:\USERS\SERGEY\DOCUMENTS\COCOS\COCOS2DX\DEBUG.WIN32\MARIO.WIN32.PDB
C:\USERS\SERGEY\DOCUMENTS\COCOS\COCOS2DX\MARIO\PROJ.WIN32\DEBUG.WIN32\MARIO.RES
C:\cocos2dx\mario\proj.win32\Debug.win32\AppDelegate.obj
C:\cocos2dx\mario\proj.win32\Debug.win32\HelloWorldScene.obj
C:\cocos2dx\mario\proj.win32\Debug.win32\main.obj
C:\cocos2dx\mario\proj.win32\Debug.win32\Player.obj
C:\cocos2dx\mario\proj.win32\Debug.win32\cl.command.1.tlog
C:\cocos2dx\mario\proj.win32\Debug.win32\CL.read.1.tlog
C:\cocos2dx\mario\proj.win32\Debug.win32\CL.write.1.tlog
C:\cocos2dx\mario\proj.win32\Debug.win32\link-cvtres.read.1.tlog
C:\cocos2dx\mario\proj.win32\Debug.win32\link-cvtres.write.1.tlog
C:\cocos2dx\mario\proj.win32\Debug.win32\link-rc.read.1.tlog
C:\cocos2dx\mario\proj.win32\Debug.win32\link-rc.write.1.tlog
C:\cocos2dx\mario\proj.win32\Debug.win32\link.10088-cvtres.read.1.tlog
C:\cocos2dx\mario\proj.win32\Debug.win32\link.10088-cvtres.write.1.tlog
C:\cocos2dx\mario\proj.win32\Debug.win32\link.10088-rc.read.1.tlog
C:\cocos2dx\mario\proj.win32\Debug.win32\link.10088-rc.write.1.tlog
C:\cocos2dx\mario\proj.win32\Debug.win32\link.10088.read.1.tlog
C:\cocos2dx\mario\proj.win32\Debug.win32\link.10088.write.1.tlog
C:\cocos2dx\mario\proj.win32\Debug.win32\link.1584-cvtres.read.1.tlog
C:\cocos2dx\mario\proj.win32\Debug.win32\link.1584-cvtres.write.1.tlog
C:\cocos2dx\mario\proj.win32\Debug.win32\link.1584-rc.read.1.tlog
C:\cocos2dx\mario\proj.win32\Debug.win32\link.1584-rc.write.1.tlog
C:\cocos2dx\mario\proj.win32\Debug.win32\link.1584.read.1.tlog
C:\cocos2dx\mario\proj.win32\Debug.win32\link.1584.write.1.tlog
C:\cocos2dx\mario\proj.win32\Debug.win32\link.2992-cvtres.read.1.tlog
C:\cocos2dx\mario\proj.win32\Debug.win32\link.2992-cvtres.write.1.tlog
C:\cocos2dx\mario\proj.win32\Debug.win32\link.2992-rc.read.1.tlog
C:\cocos2dx\mario\proj.win32\Debug.win32\link.2992-rc.write.1.tlog
C:\cocos2dx\mario\proj.win32\Debug.win32\link.2992.read.1.tlog
C:\cocos2dx\mario\proj.win32\Debug.win32\link.2992.write.1.tlog
C:\cocos2dx\mario\proj.win32\Debug.win32\link.4132-cvtres.read.1.tlog
C:\cocos2dx\mario\proj.win32\Debug.win32\link.4132-cvtres.write.1.tlog
C:\cocos2dx\mario\proj.win32\Debug.win32\link.4132-rc.read.1.tlog
C:\cocos2dx\mario\proj.win32\Debug.win32\link.4132-rc.write.1.tlog
C:\cocos2dx\mario\proj.win32\Debug.win32\link.4132.read.1.tlog
C:\cocos2dx\mario\proj.win32\Debug.win32\link.4132.write.1.tlog
C:\cocos2dx\mario\proj.win32\Debug.win32\link.4136-cvtres.read.1.tlog
C:\cocos2dx\mario\proj.win32\Debug.win32\link.4136-cvtres.write.1.tlog
C:\cocos2dx\mario\proj.win32\Debug.win32\link.4136-rc.read.1.tlog
C:\cocos2dx\mario\proj.win32\Debug.win32\link.4136-rc.write.1.tlog
C:\cocos2dx\mario\proj.win32\Debug.win32\link.4136.read.1.tlog
C:\cocos2dx\mario\proj.win32\Debug.win32\link.4136.write.1.tlog
C:\cocos2dx\mario\proj.win32\Debug.win32\link.4708-cvtres.read.1.tlog
C:\cocos2dx\mario\proj.win32\Debug.win32\link.4708-cvtres.write.1.tlog
C:\cocos2dx\mario\proj.win32\Debug.win32\link.4708-rc.read.1.tlog
C:\cocos2dx\mario\proj.win32\Debug.win32\link.4708-rc.write.1.tlog
C:\cocos2dx\mario\proj.win32\Debug.win32\link.4708.read.1.tlog
C:\cocos2dx\mario\proj.win32\Debug.win32\link.4708.write.1.tlog
C:\cocos2dx\mario\proj.win32\Debug.win32\link.4976-cvtres.read.1.tlog
C:\cocos2dx\mario\proj.win32\Debug.win32\link.4976-cvtres.write.1.tlog
C:\cocos2dx\mario\proj.win32\Debug.win32\link.4976-rc.read.1.tlog
C:\cocos2dx\mario\proj.win32\Debug.win32\link.4976-rc.write.1.tlog
C:\cocos2dx\mario\proj.win32\Debug.win32\link.4976.read.1.tlog
C:\cocos2dx\mario\proj.win32\Debug.win32\link.4976.write.1.tlog
C:\cocos2dx\mario\proj.win32\Debug.win32\link.7656-cvtres.read.1.tlog
C:\cocos2dx\mario\proj.win32\Debug.win32\link.7656-cvtres.write.1.tlog
C:\cocos2dx\mario\proj.win32\Debug.win32\link.7656-rc.read.1.tlog
C:\cocos2dx\mario\proj.win32\Debug.win32\link.7656-rc.write.1.tlog
C:\cocos2dx\mario\proj.win32\Debug.win32\link.7656.read.1.tlog
C:\cocos2dx\mario\proj.win32\Debug.win32\link.7656.write.1.tlog
C:\cocos2dx\mario\proj.win32\Debug.win32\link.7792-cvtres.read.1.tlog
C:\cocos2dx\mario\proj.win32\Debug.win32\link.7792-cvtres.write.1.tlog
C:\cocos2dx\mario\proj.win32\Debug.win32\link.7792-rc.read.1.tlog
C:\cocos2dx\mario\proj.win32\Debug.win32\link.7792-rc.write.1.tlog
C:\cocos2dx\mario\proj.win32\Debug.win32\link.7792.read.1.tlog
C:\cocos2dx\mario\proj.win32\Debug.win32\link.7792.write.1.tlog
C:\cocos2dx\mario\proj.win32\Debug.win32\link.924-cvtres.read.1.tlog
C:\cocos2dx\mario\proj.win32\Debug.win32\link.924-cvtres.write.1.tlog
C:\cocos2dx\mario\proj.win32\Debug.win32\link.924-rc.read.1.tlog
C:\cocos2dx\mario\proj.win32\Debug.win32\link.924-rc.write.1.tlog
C:\cocos2dx\mario\proj.win32\Debug.win32\link.924.read.1.tlog
C:\cocos2dx\mario\proj.win32\Debug.win32\link.924.write.1.tlog
C:\cocos2dx\mario\proj.win32\Debug.win32\link.command.1.tlog
C:\cocos2dx\mario\proj.win32\Debug.win32\link.read.1.tlog
C:\cocos2dx\mario\proj.win32\Debug.win32\link.write.1.tlog
C:\cocos2dx\mario\proj.win32\Debug.win32\rc.command.1.tlog
C:\cocos2dx\mario\proj.win32\Debug.win32\rc.read.1.tlog
C:\cocos2dx\mario\proj.win32\Debug.win32\rc.write.1.tlog
C:\cocos2dx\mario\proj.win32\Debug.win32\mario.res
C:\cocos2dx\mario\proj.win32\Debug.win32\vc110.idb
C:\cocos2dx\mario\proj.win32\Debug.win32\vc110.pdb
C:\cocos2dx\Debug.win32\mario.win32.pdb
C:\cocos2dx\Debug.win32\mario.win32.exe
C:\cocos2dx\Debug.win32\mario.win32.ilk
