Build started 04.02.2013 17:22:30.
     1>Project "C:\cocos2dx\mario\proj.win32\mario.win32.vcxproj" on node 2 (Build target(s)).
     1>ClCompile:
         C:\Program Files\Microsoft Visual Studio 11.0\VC\bin\CL.exe /c /I. /I..\Classes /IC:\cocos2dx\CocosDenshion\include /IC:\cocos2dx\cocos2dx /IC:\cocos2dx\cocos2dx\include /IC:\cocos2dx\cocos2dx\kazmath\include /IC:\cocos2dx\cocos2dx\platform\win32 /IC:\cocos2dx\cocos2dx\platform\third_party\win32 /IC:\cocos2dx\cocos2dx\platform\third_party\win32\OGLES /ZI /nologo /W3 /WX- /Od /Oy- /D WIN32 /D _WINDOWS /D STRICT /D _CRT_SECURE_NO_WARNINGS /D _SCL_SECURE_NO_WARNINGS_DEBUG /D COCOS2D_DEBUG=1 /D _UNICODE /D UNICODE /Gm /EHsc /RTC1 /MDd /GS /fp:precise /Zc:wchar_t /Zc:forScope /Fo"Debug.win32\\" /Fd"Debug.win32\vc110.pdb" /Gd /TP /wd4267 /wd4251 /wd4244 /analyze- /errorReport:prompt ..\Classes\AppDelegate.cpp ..\Classes\HelloWorldScene.cpp Player.cpp
         Player.cpp
         HelloWorldScene.cpp
     1>c:\cocos2dx\mario\classes\helloworldscene.cpp(212): warning C4996: 'cocos2d::CCArray::array': was declared deprecated
                 c:\cocos2dx\cocos2dx\cocoa\ccarray.h(121) : see declaration of 'cocos2d::CCArray::array'
     1>c:\cocos2dx\mario\classes\helloworldscene.cpp(345): warning C4996: 'cocos2d::CCTouch::locationInView': was declared deprecated
                 c:\cocos2dx\cocos2dx\touch_dispatcher\cctouch.h(60) : see declaration of 'cocos2d::CCTouch::locationInView'
     1>c:\cocos2dx\mario\classes\helloworldscene.cpp(373): warning C4996: 'cocos2d::CCTouch::locationInView': was declared deprecated
                 c:\cocos2dx\cocos2dx\touch_dispatcher\cctouch.h(60) : see declaration of 'cocos2d::CCTouch::locationInView'
     1>c:\cocos2dx\mario\classes\helloworldscene.cpp(409): warning C4996: 'cocos2d::CCArray::arrayWithObject': was declared deprecated
                 c:\cocos2dx\cocos2dx\cocoa\ccarray.h(125) : see declaration of 'cocos2d::CCArray::arrayWithObject'
     1>c:\cocos2dx\mario\classes\helloworldscene.cpp(421): warning C4996: 'cocos2d::CCTransitionFade::transitionWithDuration': was declared deprecated
                 c:\cocos2dx\cocos2dx\layers_scenes_transitions_nodes\cctransition.h(457) : see declaration of 'cocos2d::CCTransitionFade::transitionWithDuration'
         AppDelegate.cpp
         Generating Code...
       Link:
         C:\Program Files\Microsoft Visual Studio 11.0\VC\bin\link.exe /ERRORREPORT:PROMPT /OUT:"C:\cocos2dx\Debug.win32\mario.win32.exe" /INCREMENTAL /NOLOGO /LIBPATH:C:\cocos2dx\Debug.win32\ libcocos2d.lib libExtensions.lib opengl32.lib glew32.lib libCocosDenshion.lib kernel32.lib user32.lib gdi32.lib winspool.lib comdlg32.lib advapi32.lib shell32.lib ole32.lib oleaut32.lib uuid.lib odbc32.lib odbccp32.lib /MANIFEST /MANIFESTUAC:"level='asInvoker' uiAccess='false'" /manifest:embed /DEBUG /PDB:"C:\cocos2dx\Debug.win32\mario.win32.pdb" /SUBSYSTEM:WINDOWS /TLBID:1 /DYNAMICBASE /NXCOMPAT /IMPLIB:"C:\cocos2dx\Debug.win32\mario.win32.lib" /MACHINE:X86 Debug.win32\mario.res
         Debug.win32\AppDelegate.obj
         Debug.win32\HelloWorldScene.obj
         Debug.win32\main.obj
         Debug.win32\Player.obj
         mario.win32.vcxproj -> C:\cocos2dx\Debug.win32\mario.win32.exe
     1>Done Building Project "C:\cocos2dx\mario\proj.win32\mario.win32.vcxproj" (Build target(s)).

Build succeeded.

Time Elapsed 00:00:07.78
